2024-01-17T17:15:02.023+01:00  INFO 35388 --- [restartedMain] d.s.m.MedicalOfficeServiceApplication    : Starting MedicalOfficeServiceApplication using Java 21.0.1 with PID 35388 (C:\Users\Owidiusz Zieliński\Desktop\Medical-Office-Service\target\classes started by BlackCloud in C:\Users\Owidiusz Zieliński\Desktop\Medical-Office-Service)
2024-01-17T17:15:02.024+01:00  INFO 35388 --- [restartedMain] d.s.m.MedicalOfficeServiceApplication    : No active profile set, falling back to 1 default profile: "default"
2024-01-17T17:15:02.059+01:00  INFO 35388 --- [restartedMain] .e.DevToolsPropertyDefaultsPostProcessor : Devtools property defaults active! Set 'spring.devtools.add-properties' to 'false' to disable
2024-01-17T17:15:02.059+01:00  INFO 35388 --- [restartedMain] .e.DevToolsPropertyDefaultsPostProcessor : For additional web related logging consider setting the 'logging.level.web' property to 'DEBUG'
2024-01-17T17:15:02.695+01:00  INFO 35388 --- [restartedMain] .s.d.r.c.RepositoryConfigurationDelegate : Multiple Spring Data modules found, entering strict repository configuration mode
2024-01-17T17:15:02.696+01:00  INFO 35388 --- [restartedMain] .s.d.r.c.RepositoryConfigurationDelegate : Bootstrapping Spring Data JDBC repositories in DEFAULT mode.
2024-01-17T17:15:02.727+01:00  INFO 35388 --- [restartedMain] .RepositoryConfigurationExtensionSupport : Spring Data JDBC - Could not safely identify store assignment for repository candidate interface dev.students.medicalofficeservice.core.doctor.DoctorRepository; If you want this repository to be a JDBC repository, consider annotating your entities with one of these annotations: org.springframework.data.relational.core.mapping.Table.
2024-01-17T17:15:02.728+01:00  INFO 35388 --- [restartedMain] .RepositoryConfigurationExtensionSupport : Spring Data JDBC - Could not safely identify store assignment for repository candidate interface dev.students.medicalofficeservice.core.patient.PatientQueueRepository; If you want this repository to be a JDBC repository, consider annotating your entities with one of these annotations: org.springframework.data.relational.core.mapping.Table.
2024-01-17T17:15:02.729+01:00  INFO 35388 --- [restartedMain] .RepositoryConfigurationExtensionSupport : Spring Data JDBC - Could not safely identify store assignment for repository candidate interface dev.students.medicalofficeservice.core.patient.PatientRepository; If you want this repository to be a JDBC repository, consider annotating your entities with one of these annotations: org.springframework.data.relational.core.mapping.Table.
2024-01-17T17:15:02.730+01:00  INFO 35388 --- [restartedMain] .RepositoryConfigurationExtensionSupport : Spring Data JDBC - Could not safely identify store assignment for repository candidate interface dev.students.medicalofficeservice.core.schedule.ScheduleRepository; If you want this repository to be a JDBC repository, consider annotating your entities with one of these annotations: org.springframework.data.relational.core.mapping.Table.
2024-01-17T17:15:02.731+01:00  INFO 35388 --- [restartedMain] .RepositoryConfigurationExtensionSupport : Spring Data JDBC - Could not safely identify store assignment for repository candidate interface dev.students.medicalofficeservice.core.schedule.WorkHourRepository; If you want this repository to be a JDBC repository, consider annotating your entities with one of these annotations: org.springframework.data.relational.core.mapping.Table.
2024-01-17T17:15:02.732+01:00  INFO 35388 --- [restartedMain] .s.d.r.c.RepositoryConfigurationDelegate : Finished Spring Data repository scanning in 31 ms. Found 0 JDBC repository interfaces.
2024-01-17T17:15:02.742+01:00  INFO 35388 --- [restartedMain] .s.d.r.c.RepositoryConfigurationDelegate : Multiple Spring Data modules found, entering strict repository configuration mode
2024-01-17T17:15:02.743+01:00  INFO 35388 --- [restartedMain] .s.d.r.c.RepositoryConfigurationDelegate : Bootstrapping Spring Data JPA repositories in DEFAULT mode.
2024-01-17T17:15:02.774+01:00  INFO 35388 --- [restartedMain] .s.d.r.c.RepositoryConfigurationDelegate : Finished Spring Data repository scanning in 26 ms. Found 5 JPA repository interfaces.
2024-01-17T17:15:03.257+01:00  INFO 35388 --- [restartedMain] o.s.b.w.embedded.tomcat.TomcatWebServer  : Tomcat initialized with port 8080 (http)
2024-01-17T17:15:03.271+01:00  INFO 35388 --- [restartedMain] o.apache.catalina.core.StandardService   : Starting service [Tomcat]
2024-01-17T17:15:03.272+01:00  INFO 35388 --- [restartedMain] o.apache.catalina.core.StandardEngine    : Starting Servlet engine: [Apache Tomcat/10.1.17]
2024-01-17T17:15:03.319+01:00  INFO 35388 --- [restartedMain] o.a.c.c.C.[Tomcat].[localhost].[/]       : Initializing Spring embedded WebApplicationContext
2024-01-17T17:15:03.319+01:00  INFO 35388 --- [restartedMain] w.s.c.ServletWebServerApplicationContext : Root WebApplicationContext: initialization completed in 1260 ms
2024-01-17T17:15:03.443+01:00  INFO 35388 --- [restartedMain] o.hibernate.jpa.internal.util.LogHelper  : HHH000204: Processing PersistenceUnitInfo [name: default]
2024-01-17T17:15:03.490+01:00  INFO 35388 --- [restartedMain] org.hibernate.Version                    : HHH000412: Hibernate ORM core version 6.2.7.Final
2024-01-17T17:15:03.492+01:00  INFO 35388 --- [restartedMain] org.hibernate.cfg.Environment            : HHH000406: Using bytecode reflection optimizer
2024-01-17T17:15:03.605+01:00  INFO 35388 --- [restartedMain] o.h.b.i.BytecodeProviderInitiator        : HHH000021: Bytecode provider name : bytebuddy
2024-01-17T17:15:03.719+01:00  INFO 35388 --- [restartedMain] o.s.o.j.p.SpringPersistenceUnitInfo      : No LoadTimeWeaver setup: ignoring JPA class transformer
2024-01-17T17:15:03.740+01:00  INFO 35388 --- [restartedMain] com.zaxxer.hikari.HikariDataSource       : HikariPool-1 - Starting...
2024-01-17T17:15:03.877+01:00  INFO 35388 --- [restartedMain] com.zaxxer.hikari.pool.HikariPool        : HikariPool-1 - Added connection org.postgresql.jdbc.PgConnection@2d49e01e
2024-01-17T17:15:03.879+01:00  INFO 35388 --- [restartedMain] com.zaxxer.hikari.HikariDataSource       : HikariPool-1 - Start completed.
2024-01-17T17:15:04.117+01:00  INFO 35388 --- [restartedMain] o.h.b.i.BytecodeProviderInitiator        : HHH000021: Bytecode provider name : bytebuddy
2024-01-17T17:15:04.757+01:00  INFO 35388 --- [restartedMain] o.h.e.t.j.p.i.JtaPlatformInitiator       : HHH000490: Using JtaPlatform implementation: [org.hibernate.engine.transaction.jta.platform.internal.NoJtaPlatform]
2024-01-17T17:15:04.869+01:00  INFO 35388 --- [restartedMain] j.LocalContainerEntityManagerFactoryBean : Initialized JPA EntityManagerFactory for persistence unit 'default'
2024-01-17T17:15:05.190+01:00  INFO 35388 --- [restartedMain] o.s.d.j.r.query.QueryEnhancerFactory     : JSqlParser is in classpath; If applicable, JSqlParser will be used
2024-01-17T17:15:05.190+01:00  INFO 35388 --- [restartedMain] o.s.d.j.r.query.QueryEnhancerFactory     : Hibernate is in classpath; If applicable, HQL parser will be used.
2024-01-17T17:15:05.927+01:00  INFO 35388 --- [restartedMain] o.s.b.d.a.OptionalLiveReloadServer       : LiveReload server is running on port 35729
2024-01-17T17:15:05.951+01:00  INFO 35388 --- [restartedMain] o.s.b.w.embedded.tomcat.TomcatWebServer  : Tomcat started on port 8080 (http) with context path ''
2024-01-17T17:15:05.957+01:00  INFO 35388 --- [restartedMain] d.s.m.MedicalOfficeServiceApplication    : Started MedicalOfficeServiceApplication in 4.199 seconds (process running for 4.622)
2024-01-17T17:15:16.601+01:00  INFO 35388 --- [File Watcher] rtingClassPathChangeChangedEventListener : Restarting due to 1 class path change (0 additions, 1 deletion, 0 modifications)
2024-01-17T17:15:16.609+01:00  INFO 35388 --- [Thread-5] j.LocalContainerEntityManagerFactoryBean : Closing JPA EntityManagerFactory for persistence unit 'default'
2024-01-17T17:15:16.611+01:00  INFO 35388 --- [Thread-5] com.zaxxer.hikari.HikariDataSource       : HikariPool-1 - Shutdown initiated...
2024-01-17T17:15:16.613+01:00  INFO 35388 --- [Thread-5] com.zaxxer.hikari.HikariDataSource       : HikariPool-1 - Shutdown completed.
2024-01-17T17:15:16.714+01:00  WARN 35388 --- [restartedMain] d.s.m.MedicalOfficeServiceApplication    : Failed to delete log file 'myapp.log'.
2024-01-17T17:15:16.741+01:00  INFO 35388 --- [restartedMain] d.s.m.MedicalOfficeServiceApplication    : Starting MedicalOfficeServiceApplication using Java 21.0.1 with PID 35388 (C:\Users\Owidiusz Zieliński\Desktop\Medical-Office-Service\target\classes started by BlackCloud in C:\Users\Owidiusz Zieliński\Desktop\Medical-Office-Service)
2024-01-17T17:15:16.741+01:00  INFO 35388 --- [restartedMain] d.s.m.MedicalOfficeServiceApplication    : No active profile set, falling back to 1 default profile: "default"
2024-01-17T17:15:16.958+01:00  INFO 35388 --- [restartedMain] .s.d.r.c.RepositoryConfigurationDelegate : Multiple Spring Data modules found, entering strict repository configuration mode
2024-01-17T17:15:16.958+01:00  INFO 35388 --- [restartedMain] .s.d.r.c.RepositoryConfigurationDelegate : Bootstrapping Spring Data JDBC repositories in DEFAULT mode.
2024-01-17T17:15:16.963+01:00  INFO 35388 --- [restartedMain] .RepositoryConfigurationExtensionSupport : Spring Data JDBC - Could not safely identify store assignment for repository candidate interface dev.students.medicalofficeservice.core.doctor.DoctorRepository; If you want this repository to be a JDBC repository, consider annotating your entities with one of these annotations: org.springframework.data.relational.core.mapping.Table.
2024-01-17T17:15:16.964+01:00  INFO 35388 --- [restartedMain] .RepositoryConfigurationExtensionSupport : Spring Data JDBC - Could not safely identify store assignment for repository candidate interface dev.students.medicalofficeservice.core.patient.PatientQueueRepository; If you want this repository to be a JDBC repository, consider annotating your entities with one of these annotations: org.springframework.data.relational.core.mapping.Table.
2024-01-17T17:15:16.964+01:00  INFO 35388 --- [restartedMain] .RepositoryConfigurationExtensionSupport : Spring Data JDBC - Could not safely identify store assignment for repository candidate interface dev.students.medicalofficeservice.core.patient.PatientRepository; If you want this repository to be a JDBC repository, consider annotating your entities with one of these annotations: org.springframework.data.relational.core.mapping.Table.
2024-01-17T17:15:16.966+01:00  INFO 35388 --- [restartedMain] .RepositoryConfigurationExtensionSupport : Spring Data JDBC - Could not safely identify store assignment for repository candidate interface dev.students.medicalofficeservice.core.schedule.ScheduleRepository; If you want this repository to be a JDBC repository, consider annotating your entities with one of these annotations: org.springframework.data.relational.core.mapping.Table.
2024-01-17T17:15:16.967+01:00  INFO 35388 --- [restartedMain] .RepositoryConfigurationExtensionSupport : Spring Data JDBC - Could not safely identify store assignment for repository candidate interface dev.students.medicalofficeservice.core.schedule.WorkHourRepository; If you want this repository to be a JDBC repository, consider annotating your entities with one of these annotations: org.springframework.data.relational.core.mapping.Table.
2024-01-17T17:15:16.967+01:00  INFO 35388 --- [restartedMain] .s.d.r.c.RepositoryConfigurationDelegate : Finished Spring Data repository scanning in 9 ms. Found 0 JDBC repository interfaces.
2024-01-17T17:15:16.971+01:00  INFO 35388 --- [restartedMain] .s.d.r.c.RepositoryConfigurationDelegate : Multiple Spring Data modules found, entering strict repository configuration mode
2024-01-17T17:15:16.971+01:00  INFO 35388 --- [restartedMain] .s.d.r.c.RepositoryConfigurationDelegate : Bootstrapping Spring Data JPA repositories in DEFAULT mode.
2024-01-17T17:15:16.981+01:00  INFO 35388 --- [restartedMain] .s.d.r.c.RepositoryConfigurationDelegate : Finished Spring Data repository scanning in 9 ms. Found 5 JPA repository interfaces.
2024-01-17T17:15:17.072+01:00  INFO 35388 --- [restartedMain] o.s.b.w.embedded.tomcat.TomcatWebServer  : Tomcat initialized with port 8080 (http)
2024-01-17T17:15:17.073+01:00  INFO 35388 --- [restartedMain] o.apache.catalina.core.StandardService   : Starting service [Tomcat]
2024-01-17T17:15:17.073+01:00  INFO 35388 --- [restartedMain] o.apache.catalina.core.StandardEngine    : Starting Servlet engine: [Apache Tomcat/10.1.17]
2024-01-17T17:15:17.094+01:00  INFO 35388 --- [restartedMain] o.a.c.c.C.[Tomcat].[localhost].[/]       : Initializing Spring embedded WebApplicationContext
2024-01-17T17:15:17.094+01:00  INFO 35388 --- [restartedMain] w.s.c.ServletWebServerApplicationContext : Root WebApplicationContext: initialization completed in 351 ms
2024-01-17T17:15:17.123+01:00  INFO 35388 --- [restartedMain] o.hibernate.jpa.internal.util.LogHelper  : HHH000204: Processing PersistenceUnitInfo [name: default]
2024-01-17T17:15:17.128+01:00  INFO 35388 --- [restartedMain] o.h.b.i.BytecodeProviderInitiator        : HHH000021: Bytecode provider name : bytebuddy
2024-01-17T17:15:17.129+01:00  INFO 35388 --- [restartedMain] o.s.o.j.p.SpringPersistenceUnitInfo      : No LoadTimeWeaver setup: ignoring JPA class transformer
2024-01-17T17:15:17.129+01:00  INFO 35388 --- [restartedMain] com.zaxxer.hikari.HikariDataSource       : HikariPool-2 - Starting...
2024-01-17T17:15:17.153+01:00  INFO 35388 --- [restartedMain] com.zaxxer.hikari.pool.HikariPool        : HikariPool-2 - Added connection org.postgresql.jdbc.PgConnection@1ffb9654
2024-01-17T17:15:17.153+01:00  INFO 35388 --- [restartedMain] com.zaxxer.hikari.HikariDataSource       : HikariPool-2 - Start completed.
2024-01-17T17:15:17.177+01:00  INFO 35388 --- [restartedMain] o.h.b.i.BytecodeProviderInitiator        : HHH000021: Bytecode provider name : bytebuddy
2024-01-17T17:15:17.247+01:00  INFO 35388 --- [restartedMain] o.h.e.t.j.p.i.JtaPlatformInitiator       : HHH000490: Using JtaPlatform implementation: [org.hibernate.engine.transaction.jta.platform.internal.NoJtaPlatform]
2024-01-17T17:15:17.321+01:00  INFO 35388 --- [restartedMain] j.LocalContainerEntityManagerFactoryBean : Initialized JPA EntityManagerFactory for persistence unit 'default'
2024-01-17T17:15:17.555+01:00  INFO 35388 --- [restartedMain] o.s.b.d.a.OptionalLiveReloadServer       : LiveReload server is running on port 35729
2024-01-17T17:15:17.564+01:00  INFO 35388 --- [restartedMain] o.s.b.w.embedded.tomcat.TomcatWebServer  : Tomcat started on port 8080 (http) with context path ''
2024-01-17T17:15:17.567+01:00  INFO 35388 --- [restartedMain] d.s.m.MedicalOfficeServiceApplication    : Started MedicalOfficeServiceApplication in 0.849 seconds (process running for 16.232)
2024-01-17T17:15:17.568+01:00  INFO 35388 --- [restartedMain] .ConditionEvaluationDeltaLoggingListener : Condition evaluation unchanged
2024-01-17T17:15:19.032+01:00  INFO 35388 --- [File Watcher] rtingClassPathChangeChangedEventListener : Restarting due to 1 class path change (1 addition, 0 deletions, 0 modifications)
2024-01-17T17:15:19.054+01:00  INFO 35388 --- [Thread-7] j.LocalContainerEntityManagerFactoryBean : Closing JPA EntityManagerFactory for persistence unit 'default'
2024-01-17T17:15:19.055+01:00  INFO 35388 --- [Thread-7] com.zaxxer.hikari.HikariDataSource       : HikariPool-2 - Shutdown initiated...
2024-01-17T17:15:19.068+01:00  INFO 35388 --- [Thread-7] com.zaxxer.hikari.HikariDataSource       : HikariPool-2 - Shutdown completed.
2024-01-17T17:15:19.219+01:00  WARN 35388 --- [restartedMain] d.s.m.MedicalOfficeServiceApplication    : Failed to delete log file 'myapp.log'.
2024-01-17T17:15:19.241+01:00  INFO 35388 --- [restartedMain] d.s.m.MedicalOfficeServiceApplication    : Starting MedicalOfficeServiceApplication using Java 21.0.1 with PID 35388 (C:\Users\Owidiusz Zieliński\Desktop\Medical-Office-Service\target\classes started by BlackCloud in C:\Users\Owidiusz Zieliński\Desktop\Medical-Office-Service)
2024-01-17T17:15:19.242+01:00  INFO 35388 --- [restartedMain] d.s.m.MedicalOfficeServiceApplication    : No active profile set, falling back to 1 default profile: "default"
2024-01-17T17:15:19.427+01:00  INFO 35388 --- [restartedMain] .s.d.r.c.RepositoryConfigurationDelegate : Multiple Spring Data modules found, entering strict repository configuration mode
2024-01-17T17:15:19.427+01:00  INFO 35388 --- [restartedMain] .s.d.r.c.RepositoryConfigurationDelegate : Bootstrapping Spring Data JDBC repositories in DEFAULT mode.
2024-01-17T17:15:19.432+01:00  INFO 35388 --- [restartedMain] .RepositoryConfigurationExtensionSupport : Spring Data JDBC - Could not safely identify store assignment for repository candidate interface dev.students.medicalofficeservice.core.doctor.DoctorRepository; If you want this repository to be a JDBC repository, consider annotating your entities with one of these annotations: org.springframework.data.relational.core.mapping.Table.
2024-01-17T17:15:19.433+01:00  INFO 35388 --- [restartedMain] .RepositoryConfigurationExtensionSupport : Spring Data JDBC - Could not safely identify store assignment for repository candidate interface dev.students.medicalofficeservice.core.patient.PatientQueueRepository; If you want this repository to be a JDBC repository, consider annotating your entities with one of these annotations: org.springframework.data.relational.core.mapping.Table.
2024-01-17T17:15:19.435+01:00  INFO 35388 --- [restartedMain] .RepositoryConfigurationExtensionSupport : Spring Data JDBC - Could not safely identify store assignment for repository candidate interface dev.students.medicalofficeservice.core.patient.PatientRepository; If you want this repository to be a JDBC repository, consider annotating your entities with one of these annotations: org.springframework.data.relational.core.mapping.Table.
2024-01-17T17:15:19.436+01:00  INFO 35388 --- [restartedMain] .RepositoryConfigurationExtensionSupport : Spring Data JDBC - Could not safely identify store assignment for repository candidate interface dev.students.medicalofficeservice.core.schedule.ScheduleRepository; If you want this repository to be a JDBC repository, consider annotating your entities with one of these annotations: org.springframework.data.relational.core.mapping.Table.
2024-01-17T17:15:19.436+01:00  INFO 35388 --- [restartedMain] .RepositoryConfigurationExtensionSupport : Spring Data JDBC - Could not safely identify store assignment for repository candidate interface dev.students.medicalofficeservice.core.schedule.WorkHourRepository; If you want this repository to be a JDBC repository, consider annotating your entities with one of these annotations: org.springframework.data.relational.core.mapping.Table.
2024-01-17T17:15:19.437+01:00  INFO 35388 --- [restartedMain] .s.d.r.c.RepositoryConfigurationDelegate : Finished Spring Data repository scanning in 8 ms. Found 0 JDBC repository interfaces.
2024-01-17T17:15:19.439+01:00  INFO 35388 --- [restartedMain] .s.d.r.c.RepositoryConfigurationDelegate : Multiple Spring Data modules found, entering strict repository configuration mode
2024-01-17T17:15:19.439+01:00  INFO 35388 --- [restartedMain] .s.d.r.c.RepositoryConfigurationDelegate : Bootstrapping Spring Data JPA repositories in DEFAULT mode.
2024-01-17T17:15:19.449+01:00  INFO 35388 --- [restartedMain] .s.d.r.c.RepositoryConfigurationDelegate : Finished Spring Data repository scanning in 9 ms. Found 5 JPA repository interfaces.
2024-01-17T17:15:19.533+01:00  INFO 35388 --- [restartedMain] o.s.b.w.embedded.tomcat.TomcatWebServer  : Tomcat initialized with port 8080 (http)
2024-01-17T17:15:19.533+01:00  INFO 35388 --- [restartedMain] o.apache.catalina.core.StandardService   : Starting service [Tomcat]
2024-01-17T17:15:19.534+01:00  INFO 35388 --- [restartedMain] o.apache.catalina.core.StandardEngine    : Starting Servlet engine: [Apache Tomcat/10.1.17]
2024-01-17T17:15:19.554+01:00  INFO 35388 --- [restartedMain] o.a.c.c.C.[Tomcat].[localhost].[/]       : Initializing Spring embedded WebApplicationContext
2024-01-17T17:15:19.554+01:00  INFO 35388 --- [restartedMain] w.s.c.ServletWebServerApplicationContext : Root WebApplicationContext: initialization completed in 311 ms
2024-01-17T17:15:19.583+01:00  INFO 35388 --- [restartedMain] o.hibernate.jpa.internal.util.LogHelper  : HHH000204: Processing PersistenceUnitInfo [name: default]
2024-01-17T17:15:19.589+01:00  INFO 35388 --- [restartedMain] o.h.b.i.BytecodeProviderInitiator        : HHH000021: Bytecode provider name : bytebuddy
2024-01-17T17:15:19.589+01:00  INFO 35388 --- [restartedMain] o.s.o.j.p.SpringPersistenceUnitInfo      : No LoadTimeWeaver setup: ignoring JPA class transformer
2024-01-17T17:15:19.589+01:00  INFO 35388 --- [restartedMain] com.zaxxer.hikari.HikariDataSource       : HikariPool-3 - Starting...
2024-01-17T17:15:19.613+01:00  INFO 35388 --- [restartedMain] com.zaxxer.hikari.pool.HikariPool        : HikariPool-3 - Added connection org.postgresql.jdbc.PgConnection@60971f49
2024-01-17T17:15:19.614+01:00  INFO 35388 --- [restartedMain] com.zaxxer.hikari.HikariDataSource       : HikariPool-3 - Start completed.
2024-01-17T17:15:19.634+01:00  INFO 35388 --- [restartedMain] o.h.b.i.BytecodeProviderInitiator        : HHH000021: Bytecode provider name : bytebuddy
2024-01-17T17:15:19.683+01:00  INFO 35388 --- [restartedMain] o.h.e.t.j.p.i.JtaPlatformInitiator       : HHH000490: Using JtaPlatform implementation: [org.hibernate.engine.transaction.jta.platform.internal.NoJtaPlatform]
2024-01-17T17:15:19.747+01:00  INFO 35388 --- [restartedMain] j.LocalContainerEntityManagerFactoryBean : Initialized JPA EntityManagerFactory for persistence unit 'default'
2024-01-17T17:15:20.033+01:00  INFO 35388 --- [restartedMain] o.s.b.d.a.OptionalLiveReloadServer       : LiveReload server is running on port 35729
2024-01-17T17:15:20.044+01:00  INFO 35388 --- [restartedMain] o.s.b.w.embedded.tomcat.TomcatWebServer  : Tomcat started on port 8080 (http) with context path ''
2024-01-17T17:15:20.048+01:00  INFO 35388 --- [restartedMain] d.s.m.MedicalOfficeServiceApplication    : Started MedicalOfficeServiceApplication in 0.826 seconds (process running for 18.713)
2024-01-17T17:15:20.049+01:00  INFO 35388 --- [restartedMain] .ConditionEvaluationDeltaLoggingListener : Condition evaluation unchanged
